<?xml version="1.0" encoding="utf-8"?><testsuites name="pytest tests"><testsuite name="pytest" errors="0" failures="0" skipped="0" tests="5" time="1.141" timestamp="2026-06-26T20:12:40.349729+00:00" hostname="agent-env-f30c4213-8525-4b8b-aed0-91c3c9f0b163"><testcase classname="backend.tests.test_auth_login.TestAuthLogin" name="test_login_success" time="0.372" /><testcase classname="backend.tests.test_auth_login.TestAuthLogin" name="test_login_wrong_password" time="0.265" /><testcase classname="backend.tests.test_auth_login.TestAuthLogin" name="test_login_wrong_username" time="0.045" /><testcase classname="backend.tests.test_auth_login.TestAuthLogin" name="test_me_with_token" time="0.316" /><testcase classname="backend.tests.test_auth_login.TestAuthLogin" name="test_me_without_token" time="0.041" /></testsuite></testsuites>