<?xml version="1.0" encoding="utf-8"?><testsuites name="pytest tests"><testsuite name="pytest" errors="0" failures="0" skipped="0" tests="15" time="6.575" timestamp="2026-07-02T04:37:43.858754+00:00" hostname="agent-env-f30c4213-8525-4b8b-aed0-91c3c9f0b163"><testcase classname="backend.tests.test_alberto_bugfix_iter4.TestEntriesPhotos" name="test_three_entries" time="0.183" /><testcase classname="backend.tests.test_alberto_bugfix_iter4.TestEntriesPhotos" name="test_lagos_photo_is_wikipedia" time="0.129" /><testcase classname="backend.tests.test_alberto_bugfix_iter4.TestEntriesPhotos" name="test_lisbon_photo_is_gare_oriente" time="0.130" /><testcase classname="backend.tests.test_alberto_bugfix_iter4.TestEntriesPhotos" name="test_lagos_photo_reachable" time="0.504" /><testcase classname="backend.tests.test_alberto_bugfix_iter4.TestEntriesPhotos" name="test_lisbon_photo_reachable" time="0.342" /><testcase classname="backend.tests.test_alberto_bugfix_iter4.TestEntriesPhotos" name="test_lisbon_distance_305" time="0.181" /><testcase classname="backend.tests.test_alberto_bugfix_iter4.TestPlacesAdmin" name="test_list_places" time="0.421" /><testcase classname="backend.tests.test_alberto_bugfix_iter4.TestPlacesAdmin" name="test_update_place_no_date_required" time="2.992" /><testcase classname="backend.tests.test_alberto_bugfix_iter4.TestUploads" name="test_upload_image" time="0.251" /><testcase classname="backend.tests.test_alberto_bugfix_iter4.TestUploads" name="test_upload_requires_auth" time="0.134" /><testcase classname="backend.tests.test_alberto_bugfix_iter4.TestUploads" name="test_upload_rejects_bad_ext" time="0.119" /><testcase classname="backend.tests.test_alberto_bugfix_iter4.TestAuth" name="test_login_ok" time="0.349" /><testcase classname="backend.tests.test_alberto_bugfix_iter4.TestAuth" name="test_login_bad" time="0.399" /><testcase classname="backend.tests.test_alberto_bugfix_iter4.TestEntriesCRUD" name="test_create_entry" time="0.143" /><testcase classname="backend.tests.test_alberto_bugfix_iter4.TestEntriesCRUD" name="test_delete_entry" time="0.236" /></testsuite></testsuites>