<?xml version="1.0" encoding="utf-8"?><testsuites name="pytest tests"><testsuite name="pytest" errors="0" failures="0" skipped="0" tests="14" time="2.894" timestamp="2026-07-10T11:10:50.496151+00:00" hostname="agent-env-f30c4213-8525-4b8b-aed0-91c3c9f0b163"><testcase classname="backend.tests.test_episodes_iter5.TestPublicEpisodes" name="test_list_published_returns_four_sorted" time="0.281" /><testcase classname="backend.tests.test_episodes_iter5.TestPublicEpisodes" name="test_episode_titles_updated" time="0.134" /><testcase classname="backend.tests.test_episodes_iter5.TestPublicEpisodes" name="test_episode_fields_present" time="0.137" /><testcase classname="backend.tests.test_episodes_iter5.TestPublicEpisodes" name="test_get_single_episode" time="0.238" /><testcase classname="backend.tests.test_episodes_iter5.TestPublicEpisodes" name="test_get_missing_episode_404" time="0.135" /><testcase classname="backend.tests.test_episodes_iter5.TestEpisodesAllAuth" name="test_all_without_token_401" time="0.099" /><testcase classname="backend.tests.test_episodes_iter5.TestEpisodesAllAuth" name="test_all_with_token_returns_including_drafts" time="0.417" /><testcase classname="backend.tests.test_episodes_iter5.TestEpisodesCRUD" name="test_post_requires_auth" time="0.110" /><testcase classname="backend.tests.test_episodes_iter5.TestEpisodesCRUD" name="test_full_crud_flow_and_draft_filter" time="0.952" /><testcase classname="backend.tests.test_episodes_iter5.TestEpisodesCRUD" name="test_put_requires_auth" time="0.090" /><testcase classname="backend.tests.test_episodes_iter5.TestEpisodesCRUD" name="test_delete_requires_auth" time="0.098" /><testcase classname="backend.tests.test_episodes_iter5.TestSourceLevel" name="test_i18n_updated" time="0.000" /><testcase classname="backend.tests.test_episodes_iter5.TestSourceLevel" name="test_videos_tsx_no_hardcoded_array" time="0.000" /><testcase classname="backend.tests.test_episodes_iter5.TestSourceLevel" name="test_admin_screens_exist" time="0.000" /></testsuite></testsuites>