<?xml version="1.0" encoding="utf-8"?><testsuites name="pytest tests"><testsuite name="pytest" errors="0" failures="0" skipped="0" tests="8" time="0.706" timestamp="2026-06-26T19:39:17.216800+00:00" hostname="agent-env-f30c4213-8525-4b8b-aed0-91c3c9f0b163"><testcase classname="backend.tests.test_alberto_bugfix.TestEntries" name="test_entries_count_and_titles" time="0.205" /><testcase classname="backend.tests.test_alberto_bugfix.TestEntries" name="test_lagos_entry_content" time="0.096" /><testcase classname="backend.tests.test_alberto_bugfix.TestEntries" name="test_no_paris_eiffel_or_hendaye_in_entries" time="0.070" /><testcase classname="backend.tests.test_alberto_bugfix.TestEntries" name="test_fr_entry_uses_lyon_image" time="0.058" /><testcase classname="backend.tests.test_alberto_bugfix.TestPlaces" name="test_places_count_and_fr_cities" time="0.060" /><testcase classname="backend.tests.test_alberto_bugfix.TestFrontendSources" name="test_no_paris_or_eiffel_in_frontend" time="0.004" /><testcase classname="backend.tests.test_alberto_bugfix.TestFrontendSources" name="test_countries_ts_fr_image_and_cities" time="0.000" /><testcase classname="backend.tests.test_alberto_bugfix.TestFrontendSources" name="test_index_story_img_not_paris_metro" time="0.001" /></testsuite></testsuites>