<?xml version="1.0" encoding="utf-8"?><testsuites name="pytest tests"><testsuite name="pytest" errors="0" failures="0" skipped="0" tests="11" time="1.829" timestamp="2026-06-26T10:15:50.826231+00:00" hostname="agent-env-f30c4213-8525-4b8b-aed0-91c3c9f0b163"><testcase classname="backend.tests.test_alberto_api" name="test_root" time="0.301" /><testcase classname="backend.tests.test_alberto_api" name="test_login_success" time="0.269" /><testcase classname="backend.tests.test_alberto_api" name="test_login_wrong_password" time="0.265" /><testcase classname="backend.tests.test_alberto_api" name="test_me_requires_token" time="0.043" /><testcase classname="backend.tests.test_alberto_api" name="test_me_with_token" time="0.310" /><testcase classname="backend.tests.test_alberto_api" name="test_list_entries_public" time="0.045" /><testcase classname="backend.tests.test_alberto_api" name="test_get_entry_by_id" time="0.088" /><testcase classname="backend.tests.test_alberto_api" name="test_get_entry_404" time="0.047" /><testcase classname="backend.tests.test_alberto_api" name="test_create_entry_without_token" time="0.041" /><testcase classname="backend.tests.test_alberto_api" name="test_full_crud_entry" time="0.262" /><testcase classname="backend.tests.test_alberto_api" name="test_stats" time="0.084" /></testsuite></testsuites>